Arguments: 
  /Users/chriswhong/.nvm/versions/node/v12.1.0/bin/node /Users/chriswhong/.nvm/versions/node/v12.1.0/bin/yarn add fs-extr

PATH: 
  /Users/chriswhong/Downloads/google-cloud-sdk/bin:/Users/chriswhong/.nvm/versions/node/v12.1.0/bin:/usr/local/bin:/usr/bin:/bin:/usr/sbin:/sbin:/usr/local/go/bin:/Applications/qri

Yarn version: 
  1.15.2

Node version: 
  12.1.0

Platform: 
  darwin x64

Trace: 
  Error: https://registry.yarnpkg.com/fs-extr: Not found
      at Request.params.callback [as _callback] (/Users/chriswhong/.nvm/versions/node/v12.1.0/lib/node_modules/yarn/lib/cli.js:66058:18)
      at Request.self.callback (/Users/chriswhong/.nvm/versions/node/v12.1.0/lib/node_modules/yarn/lib/cli.js:129541:22)
      at Request.emit (events.js:196:13)
      at Request.<anonymous> (/Users/chriswhong/.nvm/versions/node/v12.1.0/lib/node_modules/yarn/lib/cli.js:130513:10)
      at Request.emit (events.js:196:13)
      at IncomingMessage.<anonymous> (/Users/chriswhong/.nvm/versions/node/v12.1.0/lib/node_modules/yarn/lib/cli.js:130435:12)
      at Object.onceWrapper (events.js:284:20)
      at IncomingMessage.emit (events.js:201:15)
      at endReadableNT (_stream_readable.js:1130:12)
      at processTicksAndRejections (internal/process/task_queues.js:84:17)

npm manifest: 
  {
    "name": "surf-the-budget",
    "version": "1.0.0",
    "main": "index.js",
    "license": "MIT",
    "dependencies": {
      "node-pdftotext": "^1.0.4"
    }
  }

yarn manifest: 
  No manifest

Lockfile: 
  # THIS IS AN AUTOGENERATED FILE. DO NOT EDIT THIS FILE DIRECTLY.
  # yarn lockfile v1
  
  
  node-pdftotext@^1.0.4:
    version "1.0.4"
    resolved "https://registry.yarnpkg.com/node-pdftotext/-/node-pdftotext-1.0.4.tgz#b99b0590517aad16d9afbc330b82496ffeb1ddff"
    integrity sha1-uZsFkFF6rRbZr7wzC4JJb/6x3f8=
